2011-05-16T16:51:02+00:00 NOTICE (5): Trigger Check: 1374965618
2011-05-16T16:51:02+00:00 NOTICE (5): Trigger Pass: 1374965618
2011-05-16T16:51:02+00:00 NOTICE (5): Execution Check: 2147483647
2011-05-16T16:51:11+00:00 NOTICE (5): Trigger Check: 982785269
2011-05-16T16:51:18+00:00 NOTICE (5): Trigger Check: 2147483647
2011-05-16T16:51:19+00:00 NOTICE (5): Trigger Check: 1292928971
2011-05-16T16:51:20+00:00 NOTICE (5): Trigger Check: 2064258751
2011-05-16T16:53:19+00:00 NOTICE (5): Trigger Check: 1073527345
2011-05-16T16:53:19+00:00 NOTICE (5): Trigger Pass: 1073527345
2011-05-16T16:53:19+00:00 NOTICE (5): Execution Check: 79503486
2011-05-16T16:53:19+00:00 NOTICE (5): Execution Pass: 79503486
2011-05-16T16:53:19+00:00 NOTICE (5): Task Execution Check: Background Mailer
2011-05-16T16:53:19+00:00 NOTICE (5): Task Execution Pass: Background Mailer
2011-05-16T16:53:19+00:00 NOTICE (5): Task Execution Complete: Background Mailer
2011-05-16T16:53:19+00:00 NOTICE (5): Task Execution Check: Statistics
2011-05-16T16:53:19+00:00 NOTICE (5): Task Execution Pass: Statistics
2011-05-16T16:53:20+00:00 NOTICE (5): Trigger Check: 2147483647
2011-05-16T16:53:21+00:00 NOTICE (5): Task Execution Complete: Statistics
2011-05-16T16:53:21+00:00 NOTICE (5): Task Execution Check: Member Data Maintenance
2011-05-16T16:53:21+00:00 NOTICE (5): Task Execution Pass: Member Data Maintenance
2011-05-16T16:53:21+00:00 NOTICE (5): Task Execution Complete: Member Data Maintenance
2011-05-16T16:53:21+00:00 NOTICE (5): Execution Complete: 79503486
2011-05-16T16:55:19+00:00 NOTICE (5): Trigger Check: 109416127
2011-05-16T16:55:19+00:00 NOTICE (5): Trigger Pass: 109416127
2011-05-16T16:55:19+00:00 NOTICE (5): Execution Check: 655880723
2011-05-16T16:55:20+00:00 NOTICE (5): Trigger Check: 2147483647
2011-05-16T16:57:19+00:00 NOTICE (5): Trigger Check: 1134721514
2011-05-16T16:57:19+00:00 NOTICE (5): Trigger Pass: 1134721514
2011-05-16T16:57:19+00:00 NOTICE (5): Execution Check: 376843918
2011-05-16T16:57:19+00:00 NOTICE (5): Execution Pass: 376843918
2011-05-16T16:57:19+00:00 NOTICE (5): Task Execution Check: Background Mailer
2011-05-16T16:57:19+00:00 NOTICE (5): Task Execution Pass: Background Mailer
2011-05-16T16:57:19+00:00 NOTICE (5): Task Execution Complete: Background Mailer
2011-05-16T16:57:19+00:00 NOTICE (5): Task Execution Check: Member Data Maintenance
2011-05-16T16:57:19+00:00 NOTICE (5): Task Execution Pass: Member Data Maintenance
2011-05-16T16:57:19+00:00 NOTICE (5): Task Execution Complete: Member Data Maintenance
2011-05-16T16:57:19+00:00 NOTICE (5): Execution Complete: 376843918
2011-05-16T16:57:20+00:00 NOTICE (5): Trigger Check: 1227210035
2011-05-16T16:59:25+00:00 NOTICE (5): Trigger Check: 129127484
2011-05-16T16:59:25+00:00 NOTICE (5): Trigger Pass: 129127484
2011-05-16T16:59:27+00:00 NOTICE (5): Execution Check: 1745707829
2011-05-16T17:01:21+00:00 NOTICE (5): Trigger Check: 1346743499
2011-05-16T17:01:21+00:00 NOTICE (5): Trigger Pass: 1346743499
2011-05-16T17:01:22+00:00 NOTICE (5): Execution Check: 1276679028
2011-05-16T17:01:22+00:00 NOTICE (5): Execution Pass: 1276679028
2011-05-16T17:01:22+00:00 NOTICE (5): Task Execution Check: Background Mailer
2011-05-16T17:01:22+00:00 NOTICE (5): Task Execution Pass: Background Mailer
2011-05-16T17:01:22+00:00 NOTICE (5): Task Execution Complete: Background Mailer
2011-05-16T17:01:22+00:00 NOTICE (5): Task Execution Check: Member Data Maintenance
2011-05-16T17:01:22+00:00 NOTICE (5): Task Execution Pass: Member Data Maintenance
2011-05-16T17:01:22+00:00 NOTICE (5): Task Execution Complete: Member Data Maintenance
2011-05-16T17:01:22+00:00 NOTICE (5): Execution Complete: 1276679028
2011-05-16T17:03:22+00:00 NOTICE (5): Trigger Check: 1363114850
2011-05-16T17:03:22+00:00 NOTICE (5): Trigger Pass: 1363114850
2011-05-16T17:03:22+00:00 NOTICE (5): Execution Check: 2147483647
2011-05-16T17:05:24+00:00 NOTICE (5): Trigger Check: 1387150625
2011-05-16T17:05:24+00:00 NOTICE (5): Trigger Pass: 1387150625
2011-05-16T17:05:26+00:00 NOTICE (5): Execution Check: 1480511666
2011-05-16T17:05:26+00:00 NOTICE (5): Execution Pass: 1480511666
2011-05-16T17:05:26+00:00 NOTICE (5): Task Execution Check: Background Mailer
2011-05-16T17:05:26+00:00 NOTICE (5): Task Execution Pass: Background Mailer
2011-05-16T17:05:26+00:00 NOTICE (5): Task Execution Complete: Background Mailer
2011-05-16T17:05:26+00:00 NOTICE (5): Task Execution Check: Member Data Maintenance
2011-05-16T17:05:27+00:00 NOTICE (5): Task Execution Pass: Member Data Maintenance
2011-05-16T17:05:27+00:00 NOTICE (5): Task Execution Complete: Member Data Maintenance
2011-05-16T17:05:27+00:00 NOTICE (5): Execution Complete: 1480511666
2011-05-16T17:07:21+00:00 NOTICE (5): Trigger Check: 2147483647
2011-05-16T17:07:21+00:00 NOTICE (5): Trigger Pass: 2147483647
2011-05-16T17:07:24+00:00 NOTICE (5): Execution Check: 898949727
2011-05-20T11:38:20+00:00 NOTICE (5): Trigger Check: 1629716076
2011-05-20T11:38:20+00:00 NOTICE (5): Trigger Pass: 1629716076
2011-05-20T11:45:08+00:00 NOTICE (5): Trigger Check: 1053446319
2011-05-20T11:45:09+00:00 NOTICE (5): Trigger Check: 2147483647
2011-05-20T11:45:10+00:00 NOTICE (5): Trigger Check: 2147483647
2011-05-20T11:45:17+00:00 NOTICE (5): Trigger Check: 2147483647
2011-05-20T11:45:39+00:00 NOTICE (5): Trigger Check: 2147483647
2011-05-20T11:45:40+00:00 NOTICE (5): Trigger Check: 2147483647
2011-05-20T11:45:46+00:00 NOTICE (5): Trigger Check: 607076700
2011-05-20T11:46:04+00:00 NOTICE (5): Trigger Check: 640522998
2011-05-20T11:46:04+00:00 NOTICE (5): Trigger Check: 869624911
2011-05-20T11:46:11+00:00 NOTICE (5): Trigger Check: 771782456
2011-05-20T11:46:40+00:00 NOTICE (5): Trigger Check: 2147483647
2011-05-20T11:47:07+00:00 NOTICE (5): Trigger Check: 1940745946
2011-05-20T11:50:57+00:00 NOTICE (5): Trigger Check: 2147483647
2011-05-20T11:51:30+00:00 NOTICE (5): Trigger Check: 2147483647
2011-05-20T11:51:32+00:00 NOTICE (5): Trigger Check: 1105988561
2011-05-20T11:51:41+00:00 NOTICE (5): Trigger Check: 1084766720
2011-05-20T11:51:41+00:00 NOTICE (5): Trigger Check: 2147483647
2011-05-20T11:51:58+00:00 NOTICE (5): Trigger Check: 1046061813
2011-05-20T11:52:06+00:00 NOTICE (5): Trigger Check: 1056398181
2011-05-20T11:52:07+00:00 NOTICE (5): Trigger Check: 611620064
2011-05-20T11:52:08+00:00 NOTICE (5): Trigger Check: 1370487427
2011-05-20T11:52:17+00:00 NOTICE (5): Trigger Check: 2147483647
2011-05-20T11:52:24+00:00 NOTICE (5): Trigger Check: 2147483647
2011-05-20T11:52:45+00:00 NOTICE (5): Trigger Check: 1850664558
2011-05-20T11:52:58+00:00 NOTICE (5): Trigger Check: 779390999
2011-05-20T11:52:59+00:00 NOTICE (5): Trigger Check: 2147483647
2011-05-20T11:53:01+00:00 NOTICE (5): Trigger Check: 1316962866
2011-05-20T11:53:03+00:00 NOTICE (5): Trigger Check: 1619159898
2011-05-20T11:53:06+00:00 NOTICE (5): Trigger Check: 2147483647
2011-05-20T11:54:07+00:00 NOTICE (5): Trigger Check: 1316441696
2011-05-20T11:54:07+00:00 NOTICE (5): Trigger Pass: 1316441696
2011-05-20T11:54:46+00:00 NOTICE (5): Trigger Check: 1779519128
2011-05-20T11:55:07+00:00 NOTICE (5): Trigger Check: 2147483647
2011-05-20T11:55:09+00:00 NOTICE (5): Trigger Check: 2147483647
2011-05-20T11:55:12+00:00 NOTICE (5): Trigger Check: 1256198737
2011-05-20T11:55:12+00:00 NOTICE (5): Trigger Check: 797461254
2011-05-20T11:55:19+00:00 NOTICE (5): Trigger Check: 644128065
2011-05-20T11:55:30+00:00 NOTICE (5): Trigger Check: 793511017
2011-05-20T11:55:31+00:00 NOTICE (5): Trigger Check: 62339344
2011-05-20T11:55:32+00:00 NOTICE (5): Trigger Check: 993869194
2011-05-20T11:55:34+00:00 NOTICE (5): Trigger Check: 2147483647
2011-05-20T11:55:35+00:00 NOTICE (5): Trigger Check: 2147483647
2011-05-20T11:55:36+00:00 NOTICE (5): Trigger Check: 1342449630
2011-05-20T11:55:37+00:00 NOTICE (5): Trigger Check: 988718919
2011-05-20T11:55:38+00:00 NOTICE (5): Trigger Check: 2147483647
2011-05-20T11:55:42+00:00 NOTICE (5): Trigger Check: 2147483647
2011-05-20T11:55:51+00:00 NOTICE (5): Trigger Check: 2147483647
2011-05-20T11:56:07+00:00 NOTICE (5): Trigger Check: 742597610
2011-05-20T11:56:15+00:00 NOTICE (5): Trigger Check: 697522017
2011-05-20T11:56:35+00:00 NOTICE (5): Trigger Check: 2147483647
2011-05-20T11:56:42+00:00 NOTICE (5): Trigger Check: 2147483647
2011-05-20T11:57:15+00:00 NOTICE (5): Trigger Check: 903625871
2011-05-20T11:57:37+00:00 NOTICE (5): Trigger Check: 240866449
2011-05-20T11:57:38+00:00 NOTICE (5): Trigger Check: 1495593910
2011-05-20T11:57:55+00:00 NOTICE (5): Trigger Check: 1927624172
2011-05-20T11:58:04+00:00 NOTICE (5): Trigger Check: 2049361421
2011-05-20T11:58:33+00:00 NOTICE (5): Trigger Check: 2147483647
2011-05-20T11:58:38+00:00 NOTICE (5): Trigger Check: 2147483647
2011-05-20T11:58:49+00:00 NOTICE (5): Trigger Check: 1550234382
2011-05-20T11:58:58+00:00 NOTICE (5): Trigger Check: 2147483647
2011-05-20T11:59:10+00:00 NOTICE (5): Trigger Check: 2147483647
2011-05-20T11:59:20+00:00 NOTICE (5): Trigger Check: 368453064
2011-05-20T11:59:37+00:00 NOTICE (5): Trigger Check: 2147483647
2011-05-20T11:59:37+00:00 NOTICE (5): Trigger Check: 1199854149
2011-05-20T11:59:38+00:00 NOTICE (5): Trigger Check: 147849590
2011-05-20T11:59:39+00:00 NOTICE (5): Trigger Check: 1003210496
2011-05-20T12:00:00+00:00 NOTICE (5): Trigger Check: 2147483647
2011-05-20T12:00:01+00:00 NOTICE (5): Trigger Check: 212764718
2011-05-20T12:00:02+00:00 NOTICE (5): Trigger Check: 1407364375
2011-05-20T12:00:32+00:00 NOTICE (5): Trigger Check: 65905245
2011-05-20T12:00:33+00:00 NOTICE (5): Trigger Check: 2147483647
2011-05-20T12:00:35+00:00 NOTICE (5): Trigger Check: 714457626
2011-05-20T12:00:38+00:00 NOTICE (5): Trigger Check: 2035751533
2011-05-20T12:00:39+00:00 NOTICE (5): Trigger Check: 744900013
2011-05-20T12:00:54+00:00 NOTICE (5): Trigger Check: 2147483647
2011-05-20T12:01:28+00:00 NOTICE (5): Trigger Check: 1735212602
2011-05-20T12:01:29+00:00 NOTICE (5): Trigger Check: 2147483647
2011-05-20T12:01:30+00:00 NOTICE (5): Trigger Check: 1341009478
2011-05-20T12:01:47+00:00 NOTICE (5): Trigger Check: 184120812
2011-05-20T12:01:51+00:00 NOTICE (5): Trigger Check: 2147483647
2011-05-20T12:02:11+00:00 NOTICE (5): Trigger Check: 2147483647
2011-05-20T12:02:19+00:00 NOTICE (5): Trigger Check: 2147483647
2011-05-20T12:02:33+00:00 NOTICE (5): Trigger Check: 1896337613
2011-05-20T12:03:29+00:00 NOTICE (5): Trigger Check: 594559555
2011-05-20T12:03:30+00:00 NOTICE (5): Trigger Check: 1761642388
2011-05-20T12:05:11+00:00 NOTICE (5): Trigger Check: 1634614702
2011-05-20T12:05:28+00:00 NOTICE (5): Trigger Check: 46326050
2011-05-20T12:05:29+00:00 NOTICE (5): Trigger Check: 1247187737
2011-05-20T12:05:30+00:00 NOTICE (5): Trigger Check: 991592386
2011-05-20T12:06:24+00:00 NOTICE (5): Trigger Check: 629059862
2011-05-20T12:06:38+00:00 NOTICE (5): Trigger Check: 2147483647
2011-05-20T12:06:56+00:00 NOTICE (5): Trigger Check: 1426214069
2011-05-20T12:07:22+00:00 NOTICE (5): Trigger Check: 1470135080
2011-05-20T12:07:29+00:00 NOTICE (5): Trigger Check: 106192006
2011-05-20T12:07:30+00:00 NOTICE (5): Trigger Check: 164394736
2011-05-20T12:08:18+00:00 NOTICE (5): Trigger Check: 2137684959
2011-05-20T12:08:44+00:00 NOTICE (5): Trigger Check: 793233020
2011-05-20T12:08:57+00:00 NOTICE (5): Trigger Check: 940647638
2011-05-20T12:09:29+00:00 NOTICE (5): Trigger Check: 2147483647
2011-05-20T12:09:29+00:00 NOTICE (5): Trigger Pass: 2147483647
2011-05-20T12:10:22+00:00 NOTICE (5): Trigger Check: 2147483647
2011-05-20T12:10:26+00:00 NOTICE (5): Trigger Check: 2147483647
2011-05-20T12:10:33+00:00 NOTICE (5): Trigger Check: 2024811023
2011-05-20T12:10:40+00:00 NOTICE (5): Trigger Check: 2147483647
2011-05-20T12:10:46+00:00 NOTICE (5): Trigger Check: 2147483647
2011-05-20T12:10:50+00:00 NOTICE (5): Trigger Check: 2147483647
2011-05-20T12:10:53+00:00 NOTICE (5): Trigger Check: 2017033814
2011-05-20T12:11:05+00:00 NOTICE (5): Trigger Check: 1144392117
2011-05-20T12:11:08+00:00 NOTICE (5): Trigger Check: 2147483647
2011-05-20T12:11:23+00:00 NOTICE (5): Trigger Check: 2147483647
2011-05-20T12:11:30+00:00 NOTICE (5): Trigger Check: 933581355
2011-05-20T12:11:48+00:00 NOTICE (5): Trigger Check: 2147483647
2011-05-20T12:11:53+00:00 NOTICE (5): Trigger Check: 2147483647
2011-05-20T12:12:06+00:00 NOTICE (5): Trigger Check: 2147483647
2011-05-20T12:12:11+00:00 NOTICE (5): Trigger Check: 1704057078
2011-05-20T12:12:12+00:00 NOTICE (5): Trigger Check: 1020651456
2011-05-20T12:12:13+00:00 NOTICE (5): Trigger Check: 2147483647
2011-05-20T12:12:27+00:00 NOTICE (5): Trigger Check: 2147483647
2011-05-20T12:12:35+00:00 NOTICE (5): Trigger Check: 2147483647
2011-05-20T12:12:51+00:00 NOTICE (5): Trigger Check: 2147483647
2011-05-20T12:13:07+00:00 NOTICE (5): Trigger Check: 2147483647
2011-05-20T12:13:22+00:00 NOTICE (5): Trigger Check: 712894214
2011-05-20T12:13:49+00:00 NOTICE (5): Trigger Check: 1188721084
2011-05-20T12:14:11+00:00 NOTICE (5): Trigger Check: 1808319538
2011-05-20T12:14:25+00:00 NOTICE (5): Trigger Check: 102212252
2011-05-20T12:14:34+00:00 NOTICE (5): Trigger Check: 2147483647
2011-05-20T12:14:35+00:00 NOTICE (5): Trigger Check: 2147483647
2011-05-20T12:14:36+00:00 NOTICE (5): Trigger Check: 1548994261
2011-05-20T12:14:47+00:00 NOTICE (5): Trigger Check: 1825296878
2011-05-20T12:14:48+00:00 NOTICE (5): Trigger Check: 620546482
2011-05-20T12:14:49+00:00 NOTICE (5): Trigger Check: 354384528
2011-05-20T12:14:50+00:00 NOTICE (5): Trigger Check: 1159335597
2011-05-20T12:14:51+00:00 NOTICE (5): Trigger Check: 2147483647
2011-05-20T12:14:52+00:00 NOTICE (5): Trigger Check: 2147483647
2011-05-20T12:14:53+00:00 NOTICE (5): Trigger Check: 176822364
2011-05-20T12:14:58+00:00 NOTICE (5): Trigger Check: 2147483647
2011-05-20T12:15:07+00:00 NOTICE (5): Trigger Check: 1395694835
2011-05-20T12:15:10+00:00 NOTICE (5): Trigger Check: 2147483647
2011-05-20T12:15:15+00:00 NOTICE (5): Trigger Check: 1206335442
2011-05-20T12:15:22+00:00 NOTICE (5): Trigger Check: 1562477332
2011-05-20T12:15:23+00:00 NOTICE (5): Trigger Check: 2147483647
2011-05-20T12:15:24+00:00 NOTICE (5): Trigger Check: 2090957288
2011-05-20T12:17:23+00:00 NOTICE (5): Trigger Check: 2034460247
2011-05-20T12:17:24+00:00 NOTICE (5): Trigger Check: 1074770624
2011-05-20T12:19:23+00:00 NOTICE (5): Trigger Check: 1596348506
2011-05-20T12:19:24+00:00 NOTICE (5): Trigger Check: 2147483647
2011-05-20T12:21:23+00:00 NOTICE (5): Trigger Check: 219796886
2011-05-20T12:21:24+00:00 NOTICE (5): Trigger Check: 982311249
2011-05-20T12:23:23+00:00 NOTICE (5): Trigger Check: 2147483647
2011-05-20T12:23:24+00:00 NOTICE (5): Trigger Check: 2147483647
2011-05-20T12:25:23+00:00 NOTICE (5): Trigger Check: 2147483647
2011-05-20T12:25:23+00:00 NOTICE (5): Trigger Pass: 2147483647
2011-05-20T12:25:23+00:00 NOTICE (5): Execution Check: 2147483647
2011-05-20T12:25:23+00:00 NOTICE (5): Execution Pass: 2147483647
2011-05-20T12:25:23+00:00 NOTICE (5): Task Execution Check: Background Mailer
2011-05-20T12:25:23+00:00 NOTICE (5): Task Execution Pass: Background Mailer
2011-05-20T12:25:23+00:00 NOTICE (5): Task Execution Complete: Background Mailer
2011-05-20T12:25:23+00:00 NOTICE (5): Task Execution Check: Member Data Maintenance
2011-05-20T12:25:23+00:00 NOTICE (5): Task Execution Pass: Member Data Maintenance
2011-05-20T12:25:23+00:00 NOTICE (5): Task Execution Complete: Member Data Maintenance
2011-05-20T12:25:23+00:00 NOTICE (5): Execution Complete: 2147483647
2011-05-20T13:07:23+00:00 NOTICE (5): Trigger Check: 2147483647
2011-05-20T13:07:23+00:00 NOTICE (5): Trigger Pass: 2147483647
2011-05-20T13:07:23+00:00 NOTICE (5): Execution Check: 740806443
2011-05-20T13:07:23+00:00 NOTICE (5): Execution Pass: 740806443
2011-05-20T13:07:23+00:00 NOTICE (5): Task Execution Check: Statistics
2011-05-20T13:07:23+00:00 NOTICE (5): Task Execution Pass: Statistics
2011-05-20T13:07:23+00:00 NOTICE (5): Execution Error: 740806443 - 1 Call to undefined function curl_init() /home/dmytro/project/shop/shopaholic/application/modules/Core/Plugin/Task/Statistics.php 109
2011-05-20T13:07:24+00:00 NOTICE (5): Trigger Check: 1512895176
2011-05-20T13:09:23+00:00 NOTICE (5): Trigger Check: 2147483647
2011-05-20T13:09:23+00:00 NOTICE (5): Trigger Pass: 2147483647
2011-05-20T13:09:23+00:00 NOTICE (5): Execution Check: 504431128
2011-05-20T13:09:23+00:00 NOTICE (5): Execution Pass: 504431128
2011-05-20T13:09:23+00:00 NOTICE (5): Task Execution Check: Background Mailer
2011-05-20T13:09:23+00:00 NOTICE (5): Task Execution Pass: Background Mailer
2011-05-20T13:09:23+00:00 NOTICE (5): Task Execution Complete: Background Mailer
2011-05-20T13:09:23+00:00 NOTICE (5): Task Execution Check: Member Data Maintenance
2011-05-20T13:09:23+00:00 NOTICE (5): Task Execution Pass: Member Data Maintenance
2011-05-20T13:09:23+00:00 NOTICE (5): Task Execution Complete: Member Data Maintenance
2011-05-20T13:09:23+00:00 NOTICE (5): Execution Complete: 504431128
2011-05-20T13:09:24+00:00 NOTICE (5): Trigger Check: 399420769
2011-05-20T13:11:23+00:00 NOTICE (5): Trigger Check: 2147483647
2011-05-20T13:11:23+00:00 NOTICE (5): Trigger Pass: 2147483647
2011-05-20T13:11:23+00:00 NOTICE (5): Execution Check: 1119846949
2011-05-20T13:11:24+00:00 NOTICE (5): Trigger Check: 2147483647
2011-05-20T13:13:07+00:00 NOTICE (5): Trigger Check: 771968592
2011-05-20T13:13:07+00:00 NOTICE (5): Trigger Pass: 771968592
2011-05-20T13:13:07+00:00 NOTICE (5): Execution Check: 913576256
2011-05-20T13:13:07+00:00 NOTICE (5): Execution Pass: 913576256
2011-05-20T13:13:07+00:00 NOTICE (5): Task Execution Check: Background Mailer
2011-05-20T13:13:07+00:00 NOTICE (5): Task Execution Pass: Background Mailer
2011-05-20T13:13:07+00:00 NOTICE (5): Task Execution Complete: Background Mailer
2011-05-20T13:13:07+00:00 NOTICE (5): Task Execution Check: Member Data Maintenance
2011-05-20T13:13:07+00:00 NOTICE (5): Task Execution Pass: Member Data Maintenance
2011-05-20T13:13:07+00:00 NOTICE (5): Task Execution Complete: Member Data Maintenance
2011-05-20T13:13:07+00:00 NOTICE (5): Execution Complete: 913576256
2011-05-20T13:13:23+00:00 NOTICE (5): Trigger Check: 809396662
2011-05-20T13:13:24+00:00 NOTICE (5): Trigger Check: 1506470473
2011-05-20T13:13:42+00:00 NOTICE (5): Trigger Check: 2147483647
2011-05-20T13:13:43+00:00 NOTICE (5): Trigger Check: 2147483647
2011-05-20T13:14:10+00:00 NOTICE (5): Trigger Check: 2147483647
2011-05-20T13:14:10+00:00 NOTICE (5): Trigger Pass: 2147483647
2011-05-20T13:14:11+00:00 NOTICE (5): Execution Check: 2147483647
2011-05-20T13:14:11+00:00 NOTICE (5): Trigger Check: 2147483647
2011-05-20T13:14:25+00:00 NOTICE (5): Trigger Check: 2147483647
2011-05-20T13:14:26+00:00 NOTICE (5): Trigger Check: 2147483647
2011-05-20T13:14:38+00:00 NOTICE (5): Trigger Check: 1243811105
2011-05-20T13:14:39+00:00 NOTICE (5): Trigger Check: 2147483647
2011-05-20T13:14:41+00:00 NOTICE (5): Trigger Check: 2147483647
2011-05-20T13:14:41+00:00 NOTICE (5): Trigger Check: 2080271365
2011-05-20T13:14:42+00:00 NOTICE (5): Trigger Check: 1278113960
2011-05-20T13:14:44+00:00 NOTICE (5): Trigger Check: 313441171
2011-05-20T13:14:45+00:00 NOTICE (5): Trigger Check: 2003133193
2011-05-20T13:15:06+00:00 NOTICE (5): Trigger Check: 477448177
2011-05-20T13:15:07+00:00 NOTICE (5): Trigger Check: 138824720
2011-05-20T13:15:09+00:00 NOTICE (5): Trigger Check: 23643259
2011-05-20T13:15:10+00:00 NOTICE (5): Trigger Check: 2147483647
2011-05-20T13:15:10+00:00 NOTICE (5): Trigger Pass: 2147483647
2011-05-20T13:15:10+00:00 NOTICE (5): Execution Check: 2147483647
2011-05-20T13:15:10+00:00 NOTICE (5): Execution Pass: 2147483647
2011-05-20T13:15:10+00:00 NOTICE (5): Task Execution Check: Background Mailer
2011-05-20T13:15:10+00:00 NOTICE (5): Task Execution Pass: Background Mailer
2011-05-20T13:15:10+00:00 NOTICE (5): Task Execution Complete: Background Mailer
2011-05-20T13:15:10+00:00 NOTICE (5): Task Execution Check: Member Data Maintenance
2011-05-20T13:15:10+00:00 NOTICE (5): Task Execution Pass: Member Data Maintenance
2011-05-20T13:15:10+00:00 NOTICE (5): Task Execution Complete: Member Data Maintenance
2011-05-20T13:15:10+00:00 NOTICE (5): Execution Complete: 2147483647
2011-05-20T13:15:15+00:00 NOTICE (5): Trigger Check: 1160990599
2011-05-20T13:15:15+00:00 NOTICE (5): Trigger Check: 1048873298
2011-05-20T13:15:17+00:00 NOTICE (5): Trigger Check: 331187100
2011-05-20T13:15:32+00:00 NOTICE (5): Trigger Check: 832847449
2011-05-20T13:15:32+00:00 NOTICE (5): Trigger Check: 1771250438
2011-05-20T13:15:34+00:00 NOTICE (5): Trigger Check: 1017970003
2011-05-20T13:15:40+00:00 NOTICE (5): Trigger Check: 2134674654
2011-05-20T13:15:41+00:00 NOTICE (5): Trigger Check: 514206175
2011-05-20T13:17:41+00:00 NOTICE (5): Trigger Check: 2147483647
2011-05-20T13:17:41+00:00 NOTICE (5): Trigger Pass: 2147483647
2011-05-20T13:17:42+00:00 NOTICE (5): Execution Check: 2147483647
2011-05-20T13:18:04+00:00 NOTICE (5): Trigger Check: 2147483647
2011-05-20T13:18:04+00:00 NOTICE (5): Trigger Check: 621397424
2011-05-20T13:18:08+00:00 NOTICE (5): Trigger Check: 2147483647
2011-05-20T13:18:08+00:00 NOTICE (5): Trigger Check: 1374728021
2011-05-20T13:18:13+00:00 NOTICE (5): Trigger Check: 828529987
2011-05-20T13:18:14+00:00 NOTICE (5): Trigger Check: 1245810165
2011-05-20T13:20:14+00:00 NOTICE (5): Trigger Check: 2147483647
2011-05-20T13:20:14+00:00 NOTICE (5): Trigger Pass: 2147483647
2011-05-20T13:20:14+00:00 NOTICE (5): Execution Check: 2147483647
2011-05-20T13:20:14+00:00 NOTICE (5): Execution Pass: 2147483647
2011-05-20T13:20:14+00:00 NOTICE (5): Task Execution Check: Background Mailer
2011-05-20T13:20:14+00:00 NOTICE (5): Task Execution Pass: Background Mailer
2011-05-20T13:20:15+00:00 NOTICE (5): Task Execution Complete: Background Mailer
2011-05-20T13:20:15+00:00 NOTICE (5): Task Execution Check: Member Data Maintenance
2011-05-20T13:20:15+00:00 NOTICE (5): Task Execution Pass: Member Data Maintenance
2011-05-20T13:20:15+00:00 NOTICE (5): Task Execution Complete: Member Data Maintenance
2011-05-20T13:20:15+00:00 NOTICE (5): Execution Complete: 2147483647
2011-05-20T13:22:14+00:00 NOTICE (5): Trigger Check: 2147483647
2011-05-20T13:22:14+00:00 NOTICE (5): Trigger Pass: 2147483647
2011-05-20T13:22:14+00:00 NOTICE (5): Execution Check: 2147483647
2011-05-20T13:22:36+00:00 NOTICE (5): Trigger Check: 2147483647
2011-05-20T13:22:37+00:00 NOTICE (5): Trigger Check: 2147483647
2011-05-20T13:24:37+00:00 NOTICE (5): Trigger Check: 2147483647
2011-05-20T13:24:37+00:00 NOTICE (5): Trigger Pass: 2147483647
2011-05-20T13:24:37+00:00 NOTICE (5): Execution Check: 2147483647
2011-05-20T13:24:37+00:00 NOTICE (5): Execution Pass: 2147483647
2011-05-20T13:24:37+00:00 NOTICE (5): Task Execution Check: Background Mailer
2011-05-20T13:24:37+00:00 NOTICE (5): Task Execution Pass: Background Mailer
2011-05-20T13:24:37+00:00 NOTICE (5): Task Execution Complete: Background Mailer
2011-05-20T13:24:37+00:00 NOTICE (5): Task Execution Check: Member Data Maintenance
2011-05-20T13:24:37+00:00 NOTICE (5): Task Execution Pass: Member Data Maintenance
2011-05-20T13:24:37+00:00 NOTICE (5): Task Execution Complete: Member Data Maintenance
2011-05-20T13:24:37+00:00 NOTICE (5): Execution Complete: 2147483647
2011-05-20T13:25:17+00:00 NOTICE (5): Trigger Check: 2147483647
2011-05-20T13:25:18+00:00 NOTICE (5): Trigger Check: 2147483647
2011-05-20T13:25:21+00:00 NOTICE (5): Trigger Check: 1388522635
2011-05-20T13:25:22+00:00 NOTICE (5): Trigger Check: 414390480
2011-05-20T13:26:32+00:00 NOTICE (5): Trigger Check: 2147483647
2011-05-20T13:26:32+00:00 NOTICE (5): Trigger Pass: 2147483647
2011-05-20T13:26:32+00:00 NOTICE (5): Execution Check: 272902783
2011-05-20T13:26:33+00:00 NOTICE (5): Trigger Check: 1444178682
2011-05-20T13:26:34+00:00 NOTICE (5): Trigger Check: 1758622175
2011-05-20T13:26:45+00:00 NOTICE (5): Trigger Check: 892337798
2011-05-20T13:27:17+00:00 NOTICE (5): Trigger Check: 2147483647
2011-05-20T13:27:30+00:00 NOTICE (5): Trigger Check: 956886689
2011-05-20T13:28:12+00:00 NOTICE (5): Trigger Check: 2147483647
2011-05-20T13:28:12+00:00 NOTICE (5): Trigger Pass: 2147483647
2011-05-20T13:28:12+00:00 NOTICE (5): Execution Check: 269857368
2011-05-20T13:28:12+00:00 NOTICE (5): Execution Pass: 269857368
2011-05-20T13:28:12+00:00 NOTICE (5): Task Execution Check: Background Mailer
2011-05-20T13:28:12+00:00 NOTICE (5): Task Execution Pass: Background Mailer
2011-05-20T13:28:12+00:00 NOTICE (5): Task Execution Complete: Background Mailer
2011-05-20T13:28:12+00:00 NOTICE (5): Task Execution Check: Member Data Maintenance
2011-05-20T13:28:12+00:00 NOTICE (5): Task Execution Pass: Member Data Maintenance
2011-05-20T13:28:12+00:00 NOTICE (5): Task Execution Complete: Member Data Maintenance
2011-05-20T13:28:12+00:00 NOTICE (5): Execution Complete: 269857368
2011-05-20T13:28:19+00:00 NOTICE (5): Trigger Check: 2147483647
2011-05-20T13:28:20+00:00 NOTICE (5): Trigger Check: 1577730962
2011-05-20T13:28:21+00:00 NOTICE (5): Trigger Check: 631865448
2011-05-20T13:28:22+00:00 NOTICE (5): Trigger Check: 2147483647
2011-05-20T13:28:23+00:00 NOTICE (5): Trigger Check: 151295286
2011-05-20T13:28:24+00:00 NOTICE (5): Trigger Check: 1173661803
2011-05-20T13:28:26+00:00 NOTICE (5): Trigger Check: 2147483647
2011-05-20T13:28:27+00:00 NOTICE (5): Trigger Check: 2147483647
2011-05-20T13:28:28+00:00 NOTICE (5): Trigger Check: 2147483647
2011-05-20T13:28:40+00:00 NOTICE (5): Trigger Check: 2147483647
2011-05-20T13:28:41+00:00 NOTICE (5): Trigger Check: 777182175
2011-05-20T13:28:43+00:00 NOTICE (5): Trigger Check: 280763043
2011-05-20T13:28:44+00:00 NOTICE (5): Trigger Check: 1484172694
2011-05-20T13:28:47+00:00 NOTICE (5): Trigger Check: 874547823
2011-05-20T13:28:48+00:00 NOTICE (5): Trigger Check: 2147483647
2011-05-20T13:28:55+00:00 NOTICE (5): Trigger Check: 560661153
2011-05-20T13:28:56+00:00 NOTICE (5): Trigger Check: 834475628
2011-05-20T13:28:56+00:00 NOTICE (5): Trigger Check: 2147483647
2011-05-20T13:28:57+00:00 NOTICE (5): Trigger Check: 1935898542
2011-05-20T13:29:07+00:00 NOTICE (5): Trigger Check: 1257697939
2011-05-20T13:29:08+00:00 NOTICE (5): Trigger Check: 2147483647
2011-05-20T13:29:13+00:00 NOTICE (5): Trigger Check: 1133857146
2011-05-20T13:29:13+00:00 NOTICE (5): Trigger Pass: 1133857146
2011-05-20T13:29:14+00:00 NOTICE (5): Execution Check: 2147483647
2011-05-20T13:29:14+00:00 NOTICE (5): Trigger Check: 122730377
2011-05-20T13:29:21+00:00 NOTICE (5): Trigger Check: 1912331273
2011-05-20T13:29:22+00:00 NOTICE (5): Trigger Check: 2147483647
2011-05-20T13:29:23+00:00 NOTICE (5): Trigger Check: 2147483647
2011-05-20T13:29:26+00:00 NOTICE (5): Trigger Check: 589205330
2011-05-20T13:29:38+00:00 NOTICE (5): Trigger Check: 2147483647
2011-05-20T13:29:48+00:00 NOTICE (5): Trigger Check: 85592580
2011-05-20T13:30:19+00:00 NOTICE (5): Trigger Check: 348556195
2011-05-20T13:30:19+00:00 NOTICE (5): Trigger Pass: 348556195
2011-05-20T13:30:19+00:00 NOTICE (5): Execution Check: 1530778347
2011-05-20T13:30:19+00:00 NOTICE (5): Execution Pass: 1530778347
2011-05-20T13:30:19+00:00 NOTICE (5): Task Execution Check: Background Mailer
2011-05-20T13:30:19+00:00 NOTICE (5): Task Execution Pass: Background Mailer
2011-05-20T13:30:19+00:00 NOTICE (5): Task Execution Complete: Background Mailer
2011-05-20T13:30:19+00:00 NOTICE (5): Task Execution Check: Member Data Maintenance
2011-05-20T13:30:19+00:00 NOTICE (5): Task Execution Pass: Member Data Maintenance
2011-05-20T13:30:19+00:00 NOTICE (5): Task Execution Complete: Member Data Maintenance
2011-05-20T13:30:19+00:00 NOTICE (5): Execution Complete: 1530778347
2011-05-20T13:30:47+00:00 NOTICE (5): Trigger Check: 743992362
2011-05-20T13:30:53+00:00 NOTICE (5): Trigger Check: 1957510153
2011-05-20T13:31:15+00:00 NOTICE (5): Trigger Check: 783485640
2011-05-20T13:31:20+00:00 NOTICE (5): Trigger Check: 525140798
2011-05-20T13:31:20+00:00 NOTICE (5): Trigger Pass: 525140798
2011-05-20T13:31:20+00:00 NOTICE (5): Execution Check: 1643575477
2011-05-20T13:32:05+00:00 NOTICE (5): Trigger Check: 2147483647
2011-05-20T13:32:15+00:00 NOTICE (5): Trigger Check: 2089197451
2011-05-20T13:33:28+00:00 NOTICE (5): Trigger Check: 2147483647
2011-05-20T13:33:28+00:00 NOTICE (5): Trigger Pass: 2147483647
2011-05-20T13:33:29+00:00 NOTICE (5): Execution Check: 318674553
2011-05-20T13:33:29+00:00 NOTICE (5): Execution Pass: 318674553
2011-05-20T13:33:29+00:00 NOTICE (5): Task Execution Check: Background Mailer
2011-05-20T13:33:29+00:00 NOTICE (5): Task Execution Pass: Background Mailer
2011-05-20T13:33:29+00:00 NOTICE (5): Task Execution Complete: Background Mailer
2011-05-20T13:33:29+00:00 NOTICE (5): Task Execution Check: Member Data Maintenance
2011-05-20T13:33:29+00:00 NOTICE (5): Task Execution Pass: Member Data Maintenance
2011-05-20T13:33:29+00:00 NOTICE (5): Task Execution Complete: Member Data Maintenance
2011-05-20T13:33:29+00:00 NOTICE (5): Execution Complete: 318674553
2011-05-20T13:34:09+00:00 NOTICE (5): Trigger Check: 1532893981
2011-05-20T13:34:13+00:00 NOTICE (5): Trigger Check: 641484032
2011-05-20T13:34:19+00:00 NOTICE (5): Trigger Check: 213030480
2011-05-20T13:34:28+00:00 NOTICE (5): Trigger Check: 1405830127
2011-05-20T13:34:28+00:00 NOTICE (5): Trigger Pass: 1405830127
2011-05-20T13:34:28+00:00 NOTICE (5): Trigger Check: 692874516
2011-05-20T13:34:29+00:00 NOTICE (5): Execution Check: 2147483647
2011-05-20T13:34:34+00:00 NOTICE (5): Trigger Check: 2147483647
2011-05-20T13:34:59+00:00 NOTICE (5): Trigger Check: 2147483647
2011-05-20T13:35:17+00:00 NOTICE (5): Trigger Check: 2147483647
2011-05-20T13:36:39+00:00 NOTICE (5): Trigger Check: 2147483647
2011-05-20T13:36:39+00:00 NOTICE (5): Trigger Pass: 2147483647
2011-05-20T13:36:40+00:00 NOTICE (5): Execution Check: 2147483647
2011-05-20T13:36:40+00:00 NOTICE (5): Execution Pass: 2147483647
2011-05-20T13:36:40+00:00 NOTICE (5): Task Execution Check: Background Mailer
2011-05-20T13:36:40+00:00 NOTICE (5): Task Execution Pass: Background Mailer
2011-05-20T13:36:40+00:00 NOTICE (5): Task Execution Complete: Background Mailer
2011-05-20T13:36:40+00:00 NOTICE (5): Task Execution Check: Member Data Maintenance
2011-05-20T13:36:40+00:00 NOTICE (5): Task Execution Pass: Member Data Maintenance
2011-05-20T13:36:40+00:00 NOTICE (5): Task Execution Complete: Member Data Maintenance
2011-05-20T13:36:40+00:00 NOTICE (5): Execution Complete: 2147483647
2011-05-20T13:37:27+00:00 NOTICE (5): Trigger Check: 2147483647
2011-05-20T13:37:56+00:00 NOTICE (5): Trigger Check: 803616916
2011-05-20T13:37:56+00:00 NOTICE (5): Trigger Pass: 803616916
2011-05-20T13:37:56+00:00 NOTICE (5): Execution Check: 2072456121
2011-05-20T13:38:31+00:00 NOTICE (5): Trigger Check: 2147483647
2011-05-20T13:38:57+00:00 NOTICE (5): Trigger Check: 464646793
2011-05-20T13:38:57+00:00 NOTICE (5): Trigger Pass: 464646793
2011-05-20T13:38:57+00:00 NOTICE (5): Execution Check: 2147483647
2011-05-20T13:38:57+00:00 NOTICE (5): Execution Pass: 2147483647
2011-05-20T13:38:57+00:00 NOTICE (5): Task Execution Check: Background Mailer
2011-05-20T13:38:57+00:00 NOTICE (5): Task Execution Pass: Background Mailer
2011-05-20T13:38:57+00:00 NOTICE (5): Task Execution Complete: Background Mailer
2011-05-20T13:38:57+00:00 NOTICE (5): Task Execution Check: Member Data Maintenance
2011-05-20T13:38:57+00:00 NOTICE (5): Task Execution Pass: Member Data Maintenance
2011-05-20T13:38:57+00:00 NOTICE (5): Task Execution Complete: Member Data Maintenance
2011-05-20T13:38:57+00:00 NOTICE (5): Execution Complete: 2147483647
2011-05-20T13:39:15+00:00 NOTICE (5): Trigger Check: 2147483647
2011-05-20T13:39:44+00:00 NOTICE (5): Trigger Check: 2147483647
2011-05-20T13:39:56+00:00 NOTICE (5): Trigger Check: 863688294
2011-05-20T13:40:50+00:00 NOTICE (5): Trigger Check: 865066178
2011-05-20T13:40:50+00:00 NOTICE (5): Trigger Pass: 865066178
